testfacepass/build/outputs/logs/manifest-merger-release-report.txt
-- Merging decision tree log ---
action#megvii.testfacepass.intent.action.COMMAND
INJECTED from src\main\AndroidManifest.xml:160:17-81
	android:name
		INJECTED from src\main\AndroidManifest.xml
		ADDED from src\main\AndroidManifest.xml:160:25-78
provider#com.umeng.message.provider.MessageProvider
INJECTED from src\main\AndroidManifest.xml:207:9-212:20
	android:authorities
		INJECTED from src\main\AndroidManifest.xml
		ADDED from src\main\AndroidManifest.xml:209:13-65
	android:exported
		ADDED from src\main\AndroidManifest.xml:210:13-37
	android:name
		ADDED from src\main\AndroidManifest.xml:208:13-70
manifest
ADDED from src\main\AndroidManifest.xml:2:1-215:12
INJECTED from src\main\AndroidManifest.xml:2:1-215:12
INJECTED from src\main\AndroidManifest.xml:2:1-215:12
INJECTED from src\main\AndroidManifest.xml:2:1-215:12
MERGED from [:serialportlibrary] AndroidManifest.xml:2:1-14:12
MERGED from [:FacePassAndroidSDK-month-release:] AndroidManifest.xml:2:1-20:12
MERGED from [com.android.volley:volley:1.0.0] AndroidManifest.xml:2:1-11:12
MERGED from [com.jakewharton:butterknife:8.5.1] AndroidManifest.xml:2:1-7:12
MERGED from [com.android.support:design:25.4.0] AndroidManifest.xml:17:1-31:12
MERGED from [com.android.support:appcompat-v7:25.4.0] AndroidManifest.xml:17:1-31:12
MERGED from [com.android.support.constraint:constraint-layout:1.0.2] AndroidManifest.xml:2:1-11:12
MERGED from [com.github.xiaohaibin:XBanner:1.6.1] AndroidManifest.xml:2:1-14:12
MERGED from [:socket-client-release:] AndroidManifest.xml:2:1-11:12
MERGED from [com.umeng.umsdk:asms:1.1.3] AndroidManifest.xml:2:1-11:12
MERGED from [com.umeng.umsdk:crash:0.0.4] AndroidManifest.xml:2:1-11:12
MERGED from [com.android.support:recyclerview-v7:25.4.0] AndroidManifest.xml:17:1-28:12
MERGED from [com.github.CymChad:BaseRecyclerViewAdapterHelper:2.9.30] AndroidManifest.xml:2:1-11:12
MERGED from [com.android.support:transition:25.4.0] AndroidManifest.xml:17:1-28:12
MERGED from [com.android.support:support-v4:25.4.0] AndroidManifest.xml:17:1-31:12
MERGED from [com.android.support:support-fragment:25.4.0] AndroidManifest.xml:17:1-31:12
MERGED from [com.android.support:animated-vector-drawable:25.4.0] AndroidManifest.xml:17:1-28:12
MERGED from [com.android.support:support-core-ui:25.4.0] AndroidManifest.xml:17:1-31:12
MERGED from [com.android.support:support-media-compat:25.4.0] AndroidManifest.xml:17:1-31:12
MERGED from [com.android.support:support-core-utils:25.4.0] AndroidManifest.xml:17:1-31:12
MERGED from [com.android.support:support-vector-drawable:25.4.0] AndroidManifest.xml:17:1-28:12
MERGED from [com.android.support:support-compat:25.4.0] AndroidManifest.xml:17:1-31:12
INJECTED from src\main\AndroidManifest.xml:2:1-215:12
INJECTED from src\main\AndroidManifest.xml:2:1-215:12
INJECTED from src\main\AndroidManifest.xml:2:1-215:12
	package
		ADDED from src\main\AndroidManifest.xml:3:5-34
		INJECTED from src\main\AndroidManifest.xml
		INJECTED from src\main\AndroidManifest.xml
	android:versionName
		INJECTED from src\main\AndroidManifest.xml
		ADDED from src\main\AndroidManifest.xml:2:1-215:12
		INJECTED from src\main\AndroidManifest.xml
	android:versionCode
		INJECTED from src\main\AndroidManifest.xml
		ADDED from src\main\AndroidManifest.xml:2:1-215:12
		INJECTED from src\main\AndroidManifest.xml
	xmlns:android
		ADDED from src\main\AndroidManifest.xml:2:11-69
uses-permission#android.permission.CAMERA
ADDED from src\main\AndroidManifest.xml:5:5-65
	android:name
		ADDED from src\main\AndroidManifest.xml:5:22-62
uses-permission#android.permission.INTERNET
ADDED from src\main\AndroidManifest.xml:6:5-67
	android:name
		ADDED from src\main\AndroidManifest.xml:6:22-64
uses-permission#android.permission.ACCESS_NETWORK_STATE
ADDED from src\main\AndroidManifest.xml:7:5-79
	android:name
		ADDED from src\main\AndroidManifest.xml:7:22-76
uses-permission#android.permission.READ_EXTERNAL_STORAGE
ADDED from src\main\AndroidManifest.xml:8:5-80
MERGED from [:serialportlibrary] AndroidManifest.xml:11:5-80
MERGED from [:serialportlibrary] AndroidManifest.xml:11:5-80
	android:name
		ADDED from src\main\AndroidManifest.xml:8:22-77
uses-permission#android.permission.WRITE_EXTERNAL_STORAGE
ADDED from src\main\AndroidManifest.xml:9:5-81
MERGED from [:serialportlibrary] AndroidManifest.xml:12:5-81
MERGED from [:serialportlibrary] AndroidManifest.xml:12:5-81
	android:name
		ADDED from src\main\AndroidManifest.xml:9:22-78
uses-permission#android.permission.MOUNT_UNMOUNT_FILESYSTEMS
ADDED from src\main\AndroidManifest.xml:10:5-84
	android:name
		ADDED from src\main\AndroidManifest.xml:10:22-81
uses-permission#android.permission.ACCESS_WIFI_STATE
ADDED from src\main\AndroidManifest.xml:11:5-76
	android:name
		ADDED from src\main\AndroidManifest.xml:11:22-73
uses-permission#android.permission.WAKE_LOCK
ADDED from src\main\AndroidManifest.xml:12:5-68
	android:name
		ADDED from src\main\AndroidManifest.xml:12:22-65
uses-permission#android.permission.READ_PHONE_STATE
ADDED from src\main\AndroidManifest.xml:13:5-75
	android:name
		ADDED from src\main\AndroidManifest.xml:13:22-72
uses-permission#android.permission.BROADCAST_PACKAGE_ADDED
ADDED from src\main\AndroidManifest.xml:14:5-82
	android:name
		ADDED from src\main\AndroidManifest.xml:14:22-79
uses-permission#android.permission.BROADCAST_PACKAGE_CHANGED
ADDED from src\main\AndroidManifest.xml:15:5-84
	android:name
		ADDED from src\main\AndroidManifest.xml:15:22-81
uses-permission#android.permission.BROADCAST_PACKAGE_INSTALL
ADDED from src\main\AndroidManifest.xml:16:5-84
	android:name
		ADDED from src\main\AndroidManifest.xml:16:22-81
uses-permission#android.permission.BROADCAST_PACKAGE_REPLACED
ADDED from src\main\AndroidManifest.xml:17:5-85
	android:name
		ADDED from src\main\AndroidManifest.xml:17:22-82
uses-permission#android.permission.GET_TASKS
ADDED from src\main\AndroidManifest.xml:18:5-68
	android:name
		ADDED from src\main\AndroidManifest.xml:18:22-65
uses-permission#android.permission.RECEIVE_BOOT_COMPLETED
ADDED from src\main\AndroidManifest.xml:19:5-81
	android:name
		ADDED from src\main\AndroidManifest.xml:19:22-78
permission#android.permission.INTERACT_ACROSS_USERS_FULL
ADDED from src\main\AndroidManifest.xml:20:5-22:47
	android:protectionLevel
		ADDED from src\main\AndroidManifest.xml:22:9-44
	android:name
		ADDED from src\main\AndroidManifest.xml:21:9-69
application
ADDED from src\main\AndroidManifest.xml:24:5-213:19
MERGED from [:FacePassAndroidSDK-month-release:] AndroidManifest.xml:11:5-18:19
MERGED from [:FacePassAndroidSDK-month-release:] AndroidManifest.xml:11:5-18:19
MERGED from [com.android.volley:volley:1.0.0] AndroidManifest.xml:9:5-20
MERGED from [com.android.volley:volley:1.0.0] AndroidManifest.xml:9:5-20
MERGED from [com.android.support:design:25.4.0] AndroidManifest.xml:25:5-29:19
MERGED from [com.android.support:design:25.4.0] AndroidManifest.xml:25:5-29:19
MERGED from [com.android.support:appcompat-v7:25.4.0] AndroidManifest.xml:25:5-29:19
MERGED from [com.android.support:appcompat-v7:25.4.0] AndroidManifest.xml:25:5-29:19
MERGED from [com.android.support.constraint:constraint-layout:1.0.2] AndroidManifest.xml:9:5-20
MERGED from [com.android.support.constraint:constraint-layout:1.0.2] AndroidManifest.xml:9:5-20
MERGED from [com.github.xiaohaibin:XBanner:1.6.1] AndroidManifest.xml:9:5-12:19
MERGED from [com.github.xiaohaibin:XBanner:1.6.1] AndroidManifest.xml:9:5-12:19
MERGED from [com.android.support:recyclerview-v7:25.4.0] AndroidManifest.xml:22:5-26:19
MERGED from [com.android.support:recyclerview-v7:25.4.0] AndroidManifest.xml:22:5-26:19
MERGED from [com.android.support:transition:25.4.0] AndroidManifest.xml:22:5-26:19
MERGED from [com.android.support:transition:25.4.0] AndroidManifest.xml:22:5-26:19
MERGED from [com.android.support:support-v4:25.4.0] AndroidManifest.xml:25:5-29:19
MERGED from [com.android.support:support-v4:25.4.0] AndroidManifest.xml:25:5-29:19
MERGED from [com.android.support:support-fragment:25.4.0] AndroidManifest.xml:25:5-29:19
MERGED from [com.android.support:support-fragment:25.4.0] AndroidManifest.xml:25:5-29:19
MERGED from [com.android.support:animated-vector-drawable:25.4.0] AndroidManifest.xml:22:5-26:19
MERGED from [com.android.support:animated-vector-drawable:25.4.0] AndroidManifest.xml:22:5-26:19
MERGED from [com.android.support:support-core-ui:25.4.0] AndroidManifest.xml:25:5-29:19
MERGED from [com.android.support:support-core-ui:25.4.0] AndroidManifest.xml:25:5-29:19
MERGED from [com.android.support:support-media-compat:25.4.0] AndroidManifest.xml:25:5-29:19
MERGED from [com.android.support:support-media-compat:25.4.0] AndroidManifest.xml:25:5-29:19
MERGED from [com.android.support:support-core-utils:25.4.0] AndroidManifest.xml:25:5-29:19
MERGED from [com.android.support:support-core-utils:25.4.0] AndroidManifest.xml:25:5-29:19
MERGED from [com.android.support:support-vector-drawable:25.4.0] AndroidManifest.xml:22:5-26:19
MERGED from [com.android.support:support-vector-drawable:25.4.0] AndroidManifest.xml:22:5-26:19
MERGED from [com.android.support:support-compat:25.4.0] AndroidManifest.xml:25:5-29:19
MERGED from [com.android.support:support-compat:25.4.0] AndroidManifest.xml:25:5-29:19
	android:supportsRtl
		ADDED from src\main\AndroidManifest.xml:30:9-35
	android:label
		ADDED from src\main\AndroidManifest.xml:28:9-41
	android:roundIcon
		ADDED from src\main\AndroidManifest.xml:29:9-54
	android:icon
		ADDED from src\main\AndroidManifest.xml:27:9-43
	android:allowBackup
		ADDED from src\main\AndroidManifest.xml:26:9-35
	android:theme
		ADDED from src\main\AndroidManifest.xml:31:9-40
	android:name
		ADDED from src\main\AndroidManifest.xml:25:9-28
activity#megvii.testfacepass.VendingMachineActivity
ADDED from src\main\AndroidManifest.xml:32:9-38:20
	android:name
		ADDED from src\main\AndroidManifest.xml:32:19-57
intent-filter#action:name:android.intent.action.MAIN+category:name:android.intent.category.LAUNCHER
ADDED from src\main\AndroidManifest.xml:33:13-37:29
action#android.intent.action.MAIN
ADDED from src\main\AndroidManifest.xml:34:17-69
	android:name
		ADDED from src\main\AndroidManifest.xml:34:25-66
category#android.intent.category.LAUNCHER
ADDED from src\main\AndroidManifest.xml:36:17-77
	android:name
		ADDED from src\main\AndroidManifest.xml:36:27-74
activity#megvii.testfacepass.ReplenishmentDetailsActivity
ADDED from src\main\AndroidManifest.xml:39:9-75
	android:name
		ADDED from src\main\AndroidManifest.xml:39:19-63
activity#megvii.testfacepass.ReplenishmentActivity
ADDED from src\main\AndroidManifest.xml:40:9-68
	android:name
		ADDED from src\main\AndroidManifest.xml:40:19-56
activity#megvii.testfacepass.ControlActivity
ADDED from src\main\AndroidManifest.xml:41:9-45:20
	android:launchMode
		ADDED from src\main\AndroidManifest.xml:43:13-44
	android:name
		ADDED from src\main\AndroidManifest.xml:42:13-44
activity#megvii.testfacepass.AdvertisingActivity
ADDED from src\main\AndroidManifest.xml:46:9-49:47
	android:launchMode
		ADDED from src\main\AndroidManifest.xml:49:13-44
	android:exported
		ADDED from src\main\AndroidManifest.xml:48:13-36
	android:name
		ADDED from src\main\AndroidManifest.xml:47:13-48
activity#megvii.testfacepass.SplashActivity
ADDED from src\main\AndroidManifest.xml:50:9-52:40
	android:label
		ADDED from src\main\AndroidManifest.xml:52:13-37
	android:name
		ADDED from src\main\AndroidManifest.xml:51:13-43
activity#megvii.testfacepass.MainActivity
ADDED from src\main\AndroidManifest.xml:53:9-57:20
	android:launchMode
		ADDED from src\main\AndroidManifest.xml:55:13-44
	android:name
		ADDED from src\main\AndroidManifest.xml:54:13-41
activity#megvii.testfacepass.SettingActivity
ADDED from src\main\AndroidManifest.xml:58:9-61:74
	android:launchMode
		ADDED from src\main\AndroidManifest.xml:60:13-44
	android:theme
		ADDED from src\main\AndroidManifest.xml:61:13-71
	android:name
		ADDED from src\main\AndroidManifest.xml:59:13-44
activity#megvii.testfacepass.serialport.SerialPortActivity
ADDED from src\main\AndroidManifest.xml:62:9-65:47
	android:launchMode
		ADDED from src\main\AndroidManifest.xml:65:13-44
	android:exported
		ADDED from src\main\AndroidManifest.xml:64:13-36
	android:name
		ADDED from src\main\AndroidManifest.xml:63:13-58
provider#megvii.testfacepass.MyFileProvider
ADDED from src\main\AndroidManifest.xml:67:9-75:20
	android:grantUriPermissions
		ADDED from src\main\AndroidManifest.xml:71:13-47
	android:authorities
		ADDED from src\main\AndroidManifest.xml:69:13-67
	android:exported
		ADDED from src\main\AndroidManifest.xml:70:13-37
	android:name
		ADDED from src\main\AndroidManifest.xml:68:13-43
meta-data#android.support.FILE_PROVIDER_PATHS
ADDED from src\main\AndroidManifest.xml:72:13-74:54
	android:resource
		ADDED from src\main\AndroidManifest.xml:74:17-51
	android:name
		ADDED from src\main\AndroidManifest.xml:73:17-67
service#com.taobao.accs.ChannelService
ADDED from src\main\AndroidManifest.xml:76:9-86:19
	android:process
		ADDED from src\main\AndroidManifest.xml:79:13-39
	android:exported
		ADDED from src\main\AndroidManifest.xml:78:13-36
	android:name
		ADDED from src\main\AndroidManifest.xml:77:13-58
intent-filter#action:name:com.taobao.accs.intent.action.SERVICE
ADDED from src\main\AndroidManifest.xml:80:13-82:29
action#com.taobao.accs.intent.action.SERVICE
ADDED from src\main\AndroidManifest.xml:81:17-80
	android:name
		ADDED from src\main\AndroidManifest.xml:81:25-77
intent-filter#action:name:com.taobao.accs.intent.action.ELECTION
ADDED from src\main\AndroidManifest.xml:83:13-85:29
action#com.taobao.accs.intent.action.ELECTION
ADDED from src\main\AndroidManifest.xml:84:17-81
	android:name
		ADDED from src\main\AndroidManifest.xml:84:25-78
service#com.taobao.accs.data.MsgDistributeService
ADDED from src\main\AndroidManifest.xml:87:9-93:19
	android:exported
		ADDED from src\main\AndroidManifest.xml:89:13-36
	android:name
		ADDED from src\main\AndroidManifest.xml:88:13-69
intent-filter#action:name:com.taobao.accs.intent.action.RECEIVE
ADDED from src\main\AndroidManifest.xml:90:13-92:29
action#com.taobao.accs.intent.action.RECEIVE
ADDED from src\main\AndroidManifest.xml:91:17-80
	android:name
		ADDED from src\main\AndroidManifest.xml:91:25-77
receiver#com.taobao.accs.EventReceiver
ADDED from src\main\AndroidManifest.xml:95:9-112:20
	android:process
		ADDED from src\main\AndroidManifest.xml:97:13-39
	android:name
		ADDED from src\main\AndroidManifest.xml:96:13-57
intent-filter#action:name:android.intent.action.BOOT_COMPLETED
ADDED from src\main\AndroidManifest.xml:98:13-100:29
action#android.intent.action.BOOT_COMPLETED
ADDED from src\main\AndroidManifest.xml:99:17-79
	android:name
		ADDED from src\main\AndroidManifest.xml:99:25-76
intent-filter#action:name:android.net.conn.CONNECTIVITY_CHANGE
ADDED from src\main\AndroidManifest.xml:101:13-103:29
action#android.net.conn.CONNECTIVITY_CHANGE
ADDED from src\main\AndroidManifest.xml:102:17-79
	android:name
		ADDED from src\main\AndroidManifest.xml:102:25-76
intent-filter#action:name:android.intent.action.PACKAGE_REMOVED+data:scheme:package
ADDED from src\main\AndroidManifest.xml:104:13-108:29
action#android.intent.action.PACKAGE_REMOVED
ADDED from src\main\AndroidManifest.xml:105:17-80
	android:name
		ADDED from src\main\AndroidManifest.xml:105:25-77
data
ADDED from src\main\AndroidManifest.xml:107:17-50
	android:scheme
		ADDED from src\main\AndroidManifest.xml:107:23-47
intent-filter#action:name:android.intent.action.USER_PRESENT
ADDED from src\main\AndroidManifest.xml:109:13-111:29
action#android.intent.action.USER_PRESENT
ADDED from src\main\AndroidManifest.xml:110:17-77
	android:name
		ADDED from src\main\AndroidManifest.xml:110:25-74
receiver#com.taobao.accs.ServiceReceiver
ADDED from src\main\AndroidManifest.xml:113:9-122:20
	android:process
		ADDED from src\main\AndroidManifest.xml:115:13-39
	android:name
		ADDED from src\main\AndroidManifest.xml:114:13-59
intent-filter#action:name:com.taobao.accs.intent.action.COMMAND
ADDED from src\main\AndroidManifest.xml:116:13-118:29
action#com.taobao.accs.intent.action.COMMAND
ADDED from src\main\AndroidManifest.xml:117:17-80
	android:name
		ADDED from src\main\AndroidManifest.xml:117:25-77
intent-filter#action:name:com.taobao.accs.intent.action.START_FROM_AGOO
ADDED from src\main\AndroidManifest.xml:119:13-121:29
action#com.taobao.accs.intent.action.START_FROM_AGOO
ADDED from src\main\AndroidManifest.xml:120:17-88
	android:name
		ADDED from src\main\AndroidManifest.xml:120:25-85
service#com.taobao.accs.internal.AccsJobService
ADDED from src\main\AndroidManifest.xml:124:9-127:42
	android:process
		ADDED from src\main\AndroidManifest.xml:127:13-39
	android:permission
		ADDED from src\main\AndroidManifest.xml:126:13-69
	android:name
		ADDED from src\main\AndroidManifest.xml:125:13-67
service#com.taobao.accs.ChannelService$KernelService
ADDED from src\main\AndroidManifest.xml:128:9-130:42
	android:process
		ADDED from src\main\AndroidManifest.xml:130:13-39
	android:name
		ADDED from src\main\AndroidManifest.xml:129:13-72
service#org.android.agoo.accs.AgooService
ADDED from src\main\AndroidManifest.xml:131:9-137:19
	android:exported
		ADDED from src\main\AndroidManifest.xml:133:13-36
	android:name
		ADDED from src\main\AndroidManifest.xml:132:13-61
service#com.umeng.message.UmengIntentService
ADDED from src\main\AndroidManifest.xml:138:9-145:19
	android:process
		ADDED from src\main\AndroidManifest.xml:141:13-39
	android:exported
		ADDED from src\main\AndroidManifest.xml:140:13-36
	android:name
		ADDED from src\main\AndroidManifest.xml:139:13-64
intent-filter#action:name:org.agoo.android.intent.action.RECEIVE
ADDED from src\main\AndroidManifest.xml:142:13-144:29
action#org.agoo.android.intent.action.RECEIVE
ADDED from src\main\AndroidManifest.xml:143:17-81
	android:name
		ADDED from src\main\AndroidManifest.xml:143:25-78
service#com.umeng.message.XiaomiIntentService
ADDED from src\main\AndroidManifest.xml:146:9-153:19
	android:process
		ADDED from src\main\AndroidManifest.xml:149:13-39
	android:exported
		ADDED from src\main\AndroidManifest.xml:148:13-36
	android:name
		ADDED from src\main\AndroidManifest.xml:147:13-65
receiver#com.taobao.agoo.AgooCommondReceiver
ADDED from src\main\AndroidManifest.xml:155:9-167:20
	android:process
		ADDED from src\main\AndroidManifest.xml:158:13-39
	android:exported
		ADDED from src\main\AndroidManifest.xml:157:13-36
	android:name
		ADDED from src\main\AndroidManifest.xml:156:13-63
intent-filter#action:name:megvii.testfacepass.intent.action.COMMAND
ADDED from src\main\AndroidManifest.xml:159:13-161:29
service#com.umeng.message.UmengMessageIntentReceiverService
ADDED from src\main\AndroidManifest.xml:169:9-176:19
	android:process
		ADDED from src\main\AndroidManifest.xml:172:13-39
	android:exported
		ADDED from src\main\AndroidManifest.xml:171:13-36
	android:name
		ADDED from src\main\AndroidManifest.xml:170:13-79
intent-filter#action:name:org.android.agoo.client.MessageReceiverService
ADDED from src\main\AndroidManifest.xml:173:13-175:29
action#org.android.agoo.client.MessageReceiverService
ADDED from src\main\AndroidManifest.xml:174:17-89
	android:name
		ADDED from src\main\AndroidManifest.xml:174:25-86
receiver#com.umeng.message.NotificationProxyBroadcastReceiver
ADDED from src\main\AndroidManifest.xml:178:9-180:40
	android:exported
		ADDED from src\main\AndroidManifest.xml:180:13-37
	android:name
		ADDED from src\main\AndroidManifest.xml:179:13-80
service#com.umeng.message.UmengMessageCallbackHandlerService
ADDED from src\main\AndroidManifest.xml:182:9-201:19
	android:exported
		ADDED from src\main\AndroidManifest.xml:184:13-37
	android:permission
		ADDED from src\main\AndroidManifest.xml:185:13-69
	android:name
		ADDED from src\main\AndroidManifest.xml:183:13-80
intent-filter#action:name:com.umeng.messge.registercallback.action
ADDED from src\main\AndroidManifest.xml:186:13-188:29
action#com.umeng.messge.registercallback.action
ADDED from src\main\AndroidManifest.xml:187:17-83
	android:name
		ADDED from src\main\AndroidManifest.xml:187:25-80
intent-filter#action:name:com.umeng.message.enablecallback.action
ADDED from src\main\AndroidManifest.xml:189:13-191:29
action#com.umeng.message.enablecallback.action
ADDED from src\main\AndroidManifest.xml:190:17-82
	android:name
		ADDED from src\main\AndroidManifest.xml:190:25-79
intent-filter#action:name:com.umeng.message.disablecallback.action
ADDED from src\main\AndroidManifest.xml:192:13-194:29
action#com.umeng.message.disablecallback.action
ADDED from src\main\AndroidManifest.xml:193:17-83
	android:name
		ADDED from src\main\AndroidManifest.xml:193:25-80
intent-filter#action:name:com.umeng.message.message.handler.action
ADDED from src\main\AndroidManifest.xml:195:13-197:29
action#com.umeng.message.message.handler.action
ADDED from src\main\AndroidManifest.xml:196:17-83
	android:name
		ADDED from src\main\AndroidManifest.xml:196:25-80
intent-filter#action:name:com.umeng.message.message.sendmessage.action
ADDED from src\main\AndroidManifest.xml:198:13-200:29
action#com.umeng.message.message.sendmessage.action
ADDED from src\main\AndroidManifest.xml:199:17-87
	android:name
		ADDED from src\main\AndroidManifest.xml:199:25-84
service#com.umeng.message.UmengDownloadResourceService
ADDED from src\main\AndroidManifest.xml:202:9-205:72
	android:exported
		ADDED from src\main\AndroidManifest.xml:204:13-37
	android:permission
		ADDED from src\main\AndroidManifest.xml:205:13-69
	android:name
		ADDED from src\main\AndroidManifest.xml:203:13-74
uses-sdk
INJECTED from src\main\AndroidManifest.xml reason: use-sdk injection requested
INJECTED from src\main\AndroidManifest.xml
INJECTED from src\main\AndroidManifest.xml
MERGED from [:serialportlibrary] AndroidManifest.xml:7:5-9:41
MERGED from [:serialportlibrary] AndroidManifest.xml:7:5-9:41
MERGED from [:FacePassAndroidSDK-month-release:] AndroidManifest.xml:7:5-9:41
MERGED from [:FacePassAndroidSDK-month-release:] AndroidManifest.xml:7:5-9:41
MERGED from [com.android.volley:volley:1.0.0] AndroidManifest.xml:7:5-43
MERGED from [com.android.volley:volley:1.0.0] AndroidManifest.xml:7:5-43
MERGED from [com.jakewharton:butterknife:8.5.1] AndroidManifest.xml:5:5-43
MERGED from [com.jakewharton:butterknife:8.5.1] AndroidManifest.xml:5:5-43
MERGED from [com.android.support:design:25.4.0] AndroidManifest.xml:21:5-23:62
MERGED from [com.android.support:design:25.4.0] AndroidManifest.xml:21:5-23:62
MERGED from [com.android.support:appcompat-v7:25.4.0] AndroidManifest.xml:21:5-23:78
MERGED from [com.android.support:appcompat-v7:25.4.0] AndroidManifest.xml:21:5-23:78
MERGED from [com.android.support.constraint:constraint-layout:1.0.2] AndroidManifest.xml:5:5-7:41
MERGED from [com.android.support.constraint:constraint-layout:1.0.2] AndroidManifest.xml:5:5-7:41
MERGED from [com.github.xiaohaibin:XBanner:1.6.1] AndroidManifest.xml:5:5-7:41
MERGED from [com.github.xiaohaibin:XBanner:1.6.1] AndroidManifest.xml:5:5-7:41
MERGED from [:socket-client-release:] AndroidManifest.xml:7:5-9:41
MERGED from [:socket-client-release:] AndroidManifest.xml:7:5-9:41
MERGED from [com.umeng.umsdk:asms:1.1.3] AndroidManifest.xml:7:5-9:41
MERGED from [com.umeng.umsdk:asms:1.1.3] AndroidManifest.xml:7:5-9:41
MERGED from [com.umeng.umsdk:crash:0.0.4] AndroidManifest.xml:7:5-9:41
MERGED from [com.umeng.umsdk:crash:0.0.4] AndroidManifest.xml:7:5-9:41
MERGED from [com.android.support:recyclerview-v7:25.4.0] AndroidManifest.xml:20:5-43
MERGED from [com.android.support:recyclerview-v7:25.4.0] AndroidManifest.xml:20:5-43
MERGED from [com.github.CymChad:BaseRecyclerViewAdapterHelper:2.9.30] AndroidManifest.xml:7:5-9:41
MERGED from [com.github.CymChad:BaseRecyclerViewAdapterHelper:2.9.30] AndroidManifest.xml:7:5-9:41
MERGED from [com.android.support:transition:25.4.0] AndroidManifest.xml:20:5-44
MERGED from [com.android.support:transition:25.4.0] AndroidManifest.xml:20:5-44
MERGED from [com.android.support:support-v4:25.4.0] AndroidManifest.xml:21:5-23:54
MERGED from [com.android.support:support-v4:25.4.0] AndroidManifest.xml:21:5-23:54
MERGED from [com.android.support:support-fragment:25.4.0] AndroidManifest.xml:21:5-23:60
MERGED from [com.android.support:support-fragment:25.4.0] AndroidManifest.xml:21:5-23:60
MERGED from [com.android.support:animated-vector-drawable:25.4.0] AndroidManifest.xml:20:5-44
MERGED from [com.android.support:animated-vector-drawable:25.4.0] AndroidManifest.xml:20:5-44
MERGED from [com.android.support:support-core-ui:25.4.0] AndroidManifest.xml:21:5-23:58
MERGED from [com.android.support:support-core-ui:25.4.0] AndroidManifest.xml:21:5-23:58
MERGED from [com.android.support:support-media-compat:25.4.0] AndroidManifest.xml:21:5-23:63
MERGED from [com.android.support:support-media-compat:25.4.0] AndroidManifest.xml:21:5-23:63
MERGED from [com.android.support:support-core-utils:25.4.0] AndroidManifest.xml:21:5-23:61
MERGED from [com.android.support:support-core-utils:25.4.0] AndroidManifest.xml:21:5-23:61
MERGED from [com.android.support:support-vector-drawable:25.4.0] AndroidManifest.xml:20:5-43
MERGED from [com.android.support:support-vector-drawable:25.4.0] AndroidManifest.xml:20:5-43
MERGED from [com.android.support:support-compat:25.4.0] AndroidManifest.xml:21:5-23:58
MERGED from [com.android.support:support-compat:25.4.0] AndroidManifest.xml:21:5-23:58
INJECTED from src\main\AndroidManifest.xml
INJECTED from src\main\AndroidManifest.xml
	tools:overrideLibrary
		ADDED from [com.android.support:design:25.4.0] AndroidManifest.xml:23:9-59
	android:targetSdkVersion
		INJECTED from src\main\AndroidManifest.xml
		ADDED from src\main\AndroidManifest.xml
		INJECTED from src\main\AndroidManifest.xml
	android:minSdkVersion
		INJECTED from src\main\AndroidManifest.xml
		ADDED from src\main\AndroidManifest.xml
		INJECTED from src\main\AndroidManifest.xml
grant-uri-permission
ADDED from src\main\AndroidManifest.xml:211:13-62
	android:pathPattern
		ADDED from src\main\AndroidManifest.xml:211:35-59
meta-data#android.support.VERSION
ADDED from [com.android.support:design:25.4.0] AndroidManifest.xml:26:9-28:38
MERGED from [com.android.support:appcompat-v7:25.4.0] AndroidManifest.xml:26:9-28:38
MERGED from [com.android.support:appcompat-v7:25.4.0] AndroidManifest.xml:26:9-28:38
MERGED from [com.android.support:recyclerview-v7:25.4.0] AndroidManifest.xml:23:9-25:38
MERGED from [com.android.support:recyclerview-v7:25.4.0] AndroidManifest.xml:23:9-25:38
MERGED from [com.android.support:transition:25.4.0] AndroidManifest.xml:23:9-25:38
MERGED from [com.android.support:transition:25.4.0] AndroidManifest.xml:23:9-25:38
MERGED from [com.android.support:support-v4:25.4.0] AndroidManifest.xml:26:9-28:38
MERGED from [com.android.support:support-v4:25.4.0] AndroidManifest.xml:26:9-28:38
MERGED from [com.android.support:support-fragment:25.4.0] AndroidManifest.xml:26:9-28:38
MERGED from [com.android.support:support-fragment:25.4.0] AndroidManifest.xml:26:9-28:38
MERGED from [com.android.support:animated-vector-drawable:25.4.0] AndroidManifest.xml:23:9-25:38
MERGED from [com.android.support:animated-vector-drawable:25.4.0] AndroidManifest.xml:23:9-25:38
MERGED from [com.android.support:support-core-ui:25.4.0] AndroidManifest.xml:26:9-28:38
MERGED from [com.android.support:support-core-ui:25.4.0] AndroidManifest.xml:26:9-28:38
MERGED from [com.android.support:support-media-compat:25.4.0] AndroidManifest.xml:26:9-28:38
MERGED from [com.android.support:support-media-compat:25.4.0] AndroidManifest.xml:26:9-28:38
MERGED from [com.android.support:support-core-utils:25.4.0] AndroidManifest.xml:26:9-28:38
MERGED from [com.android.support:support-core-utils:25.4.0] AndroidManifest.xml:26:9-28:38
MERGED from [com.android.support:support-vector-drawable:25.4.0] AndroidManifest.xml:23:9-25:38
MERGED from [com.android.support:support-vector-drawable:25.4.0] AndroidManifest.xml:23:9-25:38
MERGED from [com.android.support:support-compat:25.4.0] AndroidManifest.xml:26:9-28:38
MERGED from [com.android.support:support-compat:25.4.0] AndroidManifest.xml:26:9-28:38
	android:value
		ADDED from [com.android.support:design:25.4.0] AndroidManifest.xml:28:13-35
	android:name
		ADDED from [com.android.support:design:25.4.0] AndroidManifest.xml:27:13-51